# JRE version: OpenJDK Runtime Environment (8.0_242-b01) (build 1.8.0_242-release-1644-b01)
# Java VM: OpenJDK 64-Bit Server VM (25.242-b01 mixed mode windows-amd64 compressed oops)
Heap:
 PSYoungGen      total 344576K, used 40553K [0x000000076ab00000, 0x0000000784f80000, 0x00000007c0000000)
  eden space 310272K, 6% used [0x000000076ab00000,0x000000076c029038,0x000000077da00000)
  from space 34304K, 55% used [0x000000077fb00000,0x0000000780d715b0,0x0000000781c80000)
  to   space 33792K, 0% used [0x000000077da00000,0x000000077da00000,0x000000077fb00000)
 ParOldGen       total 296960K, used 63665K [0x00000006c0000000, 0x00000006d2200000, 0x000000076ab00000)
  object space 296960K, 21% used [0x00000006c0000000,0x00000006c3e2c7d8,0x00000006d2200000)
 Metaspace       used 101902K, capacity 107030K, committed 108336K, reserved 1144832K
  class space    used 13313K, capacity 14371K, committed 14640K, reserved 1048576K
GC Heap History (10 events):
Event: 248.582 GC heap before
{Heap before GC invocations=16 (full 3):
 PSYoungGen      total 296448K, used 296438K [0x000000076ab00000, 0x000000077e980000, 0x00000007c0000000)
  eden space 275968K, 100% used [0x000000076ab00000,0x000000077b880000,0x000000077b880000)
  from space 20480K, 99% used [0x000000077d200000,0x000000077e5fd928,0x000000077e600000)
  to   space 25088K, 0% used [0x000000077b880000,0x000000077b880000,0x000000077d100000)
 ParOldGen       total 189952K, used 37245K [0x00000006c0000000, 0x00000006cb980000, 0x000000076ab00000)
  object space 189952K, 19% used [0x00000006c0000000,0x00000006c245f738,0x00000006cb980000)
 Metaspace       used 86992K, capacity 92082K, committed 92336K, reserved 1128448K
  class space    used 11678K, capacity 12621K, committed 12720K, reserved 1048576K
Event: 248.608 GC heap after
Heap after GC invocations=16 (full 3):
 PSYoungGen      total 301056K, used 25076K [0x000000076ab00000, 0x0000000783380000, 0x00000007c0000000)
  eden space 275968K, 0% used [0x000000076ab00000,0x000000076ab00000,0x000000077b880000)
  from space 25088K, 99% used [0x000000077b880000,0x000000077d0fd3e0,0x000000077d100000)
  to   space 35840K, 0% used [0x0000000781080000,0x0000000781080000,0x0000000783380000)
 ParOldGen       total 189952K, used 57301K [0x00000006c0000000, 0x00000006cb980000, 0x000000076ab00000)
  object space 189952K, 30% used [0x00000006c0000000,0x00000006c37f55d8,0x00000006cb980000)
 Metaspace       used 86992K, capacity 92082K, committed 92336K, reserved 1128448K
  class space    used 11678K, capacity 12621K, committed 12720K, reserved 1048576K
}
Event: 323.130 GC heap before
{Heap before GC invocations=17 (full 3):
 PSYoungGen      total 301056K, used 301044K [0x000000076ab00000, 0x0000000783380000, 0x00000007c0000000)
  eden space 275968K, 100% used [0x000000076ab00000,0x000000077b880000,0x000000077b880000)
  from space 25088K, 99% used [0x000000077b880000,0x000000077d0fd3e0,0x000000077d100000)
  to   space 35840K, 0% used [0x0000000781080000,0x0000000781080000,0x0000000783380000)
 ParOldGen       total 189952K, used 57308K [0x00000006c0000000, 0x00000006cb980000, 0x000000076ab00000)
  object space 189952K, 30% used [0x00000006c0000000,0x00000006c37f7360,0x00000006cb980000)
 Metaspace       used 91895K, capacity 97734K, committed 97840K, reserved 1134592K
  class space    used 12204K, capacity 13339K, committed 13360K, reserved 1048576K
Event: 323.143 GC heap after
Heap after GC invocations=17 (full 3):
 PSYoungGen      total 345600K, used 7761K [0x000000076ab00000, 0x0000000782900000, 0x00000007c0000000)
  eden space 320512K, 0% used [0x000000076ab00000,0x000000076ab00000,0x000000077e400000)
  from space 25088K, 30% used [0x0000000781080000,0x0000000781814608,0x0000000782900000)
  to   space 35328K, 0% used [0x000000077e400000,0x000000077e400000,0x0000000780680000)
 ParOldGen       total 189952K, used 68585K [0x00000006c0000000, 0x00000006cb980000, 0x000000076ab00000)
  object space 189952K, 36% used [0x00000006c0000000,0x00000006c42fa610,0x00000006cb980000)
 Metaspace       used 91895K, capacity 97734K, committed 97840K, reserved 1134592K
  class space    used 12204K, capacity 13339K, committed 13360K, reserved 1048576K
}
Event: 789.705 GC heap before
{Heap before GC invocations=18 (full 3):
 PSYoungGen      total 345600K, used 154060K [0x000000076ab00000, 0x0000000782900000, 0x00000007c0000000)
  eden space 320512K, 45% used [0x000000076ab00000,0x00000007739deb30,0x000000077e400000)
  from space 25088K, 30% used [0x0000000781080000,0x0000000781814608,0x0000000782900000)
  to   space 35328K, 0% used [0x000000077e400000,0x000000077e400000,0x0000000780680000)
 ParOldGen       total 189952K, used 68585K [0x00000006c0000000, 0x00000006cb980000, 0x000000076ab00000)
  object space 189952K, 36% used [0x00000006c0000000,0x00000006c42fa610,0x00000006cb980000)
 Metaspace       used 92473K, capacity 98488K, committed 98600K, reserved 1134592K
  class space    used 12244K, capacity 13400K, committed 13488K, reserved 1048576K
Event: 789.715 GC heap after
Heap after GC invocations=18 (full 3):
 PSYoungGen      total 320000K, used 10112K [0x000000076ab00000, 0x0000000781c80000, 0x00000007c0000000)
  eden space 309760K, 0% used [0x000000076ab00000,0x000000076ab00000,0x000000077d980000)
  from space 10240K, 98% used [0x000000077e400000,0x000000077ede0060,0x000000077ee00000)
  to   space 34304K, 0% used [0x000000077fb00000,0x000000077fb00000,0x0000000781c80000)
 ParOldGen       total 189952K, used 68593K [0x00000006c0000000, 0x00000006cb980000, 0x000000076ab00000)
  object space 189952K, 36% used [0x00000006c0000000,0x00000006c42fc610,0x00000006cb980000)
 Metaspace       used 92473K, capacity 98488K, committed 98600K, reserved 1134592K
  class space    used 12244K, capacity 13400K, committed 13488K, reserved 1048576K
}
Event: 789.715 GC heap before
{Heap before GC invocations=19 (full 4):
 PSYoungGen      total 320000K, used 10112K [0x000000076ab00000, 0x0000000781c80000, 0x00000007c0000000)
  eden space 309760K, 0% used [0x000000076ab00000,0x000000076ab00000,0x000000077d980000)
  from space 10240K, 98% used [0x000000077e400000,0x000000077ede0060,0x000000077ee00000)
  to   space 34304K, 0% used [0x000000077fb00000,0x000000077fb00000,0x0000000781c80000)
 ParOldGen       total 189952K, used 68593K [0x00000006c0000000, 0x00000006cb980000, 0x000000076ab00000)
  object space 189952K, 36% used [0x00000006c0000000,0x00000006c42fc610,0x00000006cb980000)
 Metaspace       used 92473K, capacity 98488K, committed 98600K, reserved 1134592K
  class space    used 12244K, capacity 13400K, committed 13488K, reserved 1048576K
Event: 789.887 GC heap after
Heap after GC invocations=19 (full 4):
 PSYoungGen      total 320000K, used 0K [0x000000076ab00000, 0x0000000781c80000, 0x00000007c0000000)
  eden space 309760K, 0% used [0x000000076ab00000,0x000000076ab00000,0x000000077d980000)
  from space 10240K, 0% used [0x000000077e400000,0x000000077e400000,0x000000077ee00000)
  to   space 34304K, 0% used [0x000000077fb00000,0x000000077fb00000,0x0000000781c80000)
 ParOldGen       total 296960K, used 63657K [0x00000006c0000000, 0x00000006d2200000, 0x000000076ab00000)
  object space 296960K, 21% used [0x00000006c0000000,0x00000006c3e2a7d8,0x00000006d2200000)
 Metaspace       used 91702K, capacity 96244K, committed 98600K, reserved 1134592K
  class space    used 11995K, capacity 12966K, committed 13488K, reserved 1048576K
}
Event: 793.367 GC heap before
{Heap before GC invocations=20 (full 4):
 PSYoungGen      total 320000K, used 309760K [0x000000076ab00000, 0x0000000781c80000, 0x00000007c0000000)
  eden space 309760K, 100% used [0x000000076ab00000,0x000000077d980000,0x000000077d980000)
  from space 10240K, 0% used [0x000000077e400000,0x000000077e400000,0x000000077ee00000)
  to   space 34304K, 0% used [0x000000077fb00000,0x000000077fb00000,0x0000000781c80000)
 ParOldGen       total 296960K, used 63657K [0x00000006c0000000, 0x00000006d2200000, 0x000000076ab00000)
  object space 296960K, 21% used [0x00000006c0000000,0x00000006c3e2a7d8,0x00000006d2200000)
 Metaspace       used 101155K, capacity 106192K, committed 107696K, reserved 1142784K
  class space    used 13197K, capacity 14234K, committed 14512K, reserved 1048576K
Event: 793.411 GC heap after
Heap after GC invocations=20 (full 4):
 PSYoungGen      total 344576K, used 18885K [0x000000076ab00000, 0x0000000784f80000, 0x00000007c0000000)
  eden space 310272K, 0% used [0x000000076ab00000,0x000000076ab00000,0x000000077da00000)
  from space 34304K, 55% used [0x000000077fb00000,0x0000000780d715b0,0x0000000781c80000)
  to   space 33792K, 0% used [0x000000077da00000,0x000000077da00000,0x000000077fb00000)
 ParOldGen       total 296960K, used 63665K [0x00000006c0000000, 0x00000006d2200000, 0x000000076ab00000)
  object space 296960K, 21% used [0x00000006c0000000,0x00000006c3e2c7d8,0x00000006d2200000)
 Metaspace       used 101155K, capacity 106192K, committed 107696K, reserved 1142784K
  class space    used 13197K, capacity 14234K, committed 14512K, reserved 1048576K
}

