# JRE version: OpenJDK Runtime Environment (8.0_242-b01) (build 1.8.0_242-release-1644-b01)
# Java VM: OpenJDK 64-Bit Server VM (25.242-b01 mixed mode windows-amd64 compressed oops)
Heap:
 PSYoungGen      total 399872K, used 55818K [0x000000076ab00000, 0x0000000789600000, 0x00000007c0000000)
  eden space 363008K, 7% used [0x000000076ab00000,0x000000076c517f48,0x0000000780d80000)
  from space 36864K, 78% used [0x0000000787200000,0x0000000788e6ac80,0x0000000789600000)
  to   space 36352K, 0% used [0x0000000780d80000,0x0000000780d80000,0x0000000783100000)
 ParOldGen       total 281600K, used 78343K [0x00000006c0000000, 0x00000006d1300000, 0x000000076ab00000)
  object space 281600K, 27% used [0x00000006c0000000,0x00000006c4c81ca8,0x00000006d1300000)
 Metaspace       used 119960K, capacity 126414K, committed 126504K, reserved 1159168K
  class space    used 15613K, capacity 16854K, committed 16944K, reserved 1048576K
GC Heap History (10 events):
Event: 994.102 GC heap before
{Heap before GC invocations=20 (full 4):
 PSYoungGen      total 260608K, used 246983K [0x000000076ab00000, 0x0000000781e80000, 0x00000007c0000000)
  eden space 225792K, 100% used [0x000000076ab00000,0x0000000778780000,0x0000000778780000)
  from space 34816K, 60% used [0x0000000778780000,0x0000000779c31ef8,0x000000077a980000)
  to   space 35328K, 0% used [0x000000077fc00000,0x000000077fc00000,0x0000000781e80000)
 ParOldGen       total 281600K, used 55466K [0x00000006c0000000, 0x00000006d1300000, 0x000000076ab00000)
  object space 281600K, 19% used [0x00000006c0000000,0x00000006c362a970,0x00000006d1300000)
 Metaspace       used 101844K, capacity 106380K, committed 107176K, reserved 1142784K
  class space    used 13460K, capacity 14340K, committed 14512K, reserved 1048576K
Event: 994.112 GC heap after
Heap after GC invocations=20 (full 4):
 PSYoungGen      total 334848K, used 2224K [0x000000076ab00000, 0x0000000781980000, 0x00000007c0000000)
  eden space 304640K, 0% used [0x000000076ab00000,0x000000076ab00000,0x000000077d480000)
  from space 30208K, 7% used [0x000000077fc00000,0x000000077fe2c010,0x0000000781980000)
  to   space 35328K, 0% used [0x000000077d480000,0x000000077d480000,0x000000077f700000)
 ParOldGen       total 281600K, used 66874K [0x00000006c0000000, 0x00000006d1300000, 0x000000076ab00000)
  object space 281600K, 23% used [0x00000006c0000000,0x00000006c414e808,0x00000006d1300000)
 Metaspace       used 101844K, capacity 106380K, committed 107176K, reserved 1142784K
  class space    used 13460K, capacity 14340K, committed 14512K, reserved 1048576K
}
Event: 995.815 GC heap before
{Heap before GC invocations=21 (full 4):
 PSYoungGen      total 334848K, used 306864K [0x000000076ab00000, 0x0000000781980000, 0x00000007c0000000)
  eden space 304640K, 100% used [0x000000076ab00000,0x000000077d480000,0x000000077d480000)
  from space 30208K, 7% used [0x000000077fc00000,0x000000077fe2c010,0x0000000781980000)
  to   space 35328K, 0% used [0x000000077d480000,0x000000077d480000,0x000000077f700000)
 ParOldGen       total 281600K, used 66874K [0x00000006c0000000, 0x00000006d1300000, 0x000000076ab00000)
  object space 281600K, 23% used [0x00000006c0000000,0x00000006c414e808,0x00000006d1300000)
 Metaspace       used 103163K, capacity 107740K, committed 108584K, reserved 1142784K
  class space    used 13580K, capacity 14460K, committed 14640K, reserved 1048576K
Event: 995.837 GC heap after
Heap after GC invocations=21 (full 4):
 PSYoungGen      total 339968K, used 13954K [0x000000076ab00000, 0x0000000785700000, 0x00000007c0000000)
  eden space 304640K, 0% used [0x000000076ab00000,0x000000076ab00000,0x000000077d480000)
  from space 35328K, 39% used [0x000000077d480000,0x000000077e220820,0x000000077f700000)
  to   space 33280K, 0% used [0x0000000783680000,0x0000000783680000,0x0000000785700000)
 ParOldGen       total 281600K, used 68314K [0x00000006c0000000, 0x00000006d1300000, 0x000000076ab00000)
  object space 281600K, 24% used [0x00000006c0000000,0x00000006c42b6888,0x00000006d1300000)
 Metaspace       used 103163K, capacity 107740K, committed 108584K, reserved 1142784K
  class space    used 13580K, capacity 14460K, committed 14640K, reserved 1048576K
}
Event: 4099.078 GC heap before
{Heap before GC invocations=22 (full 4):
 PSYoungGen      total 339968K, used 318594K [0x000000076ab00000, 0x0000000785700000, 0x00000007c0000000)
  eden space 304640K, 100% used [0x000000076ab00000,0x000000077d480000,0x000000077d480000)
  from space 35328K, 39% used [0x000000077d480000,0x000000077e220820,0x000000077f700000)
  to   space 33280K, 0% used [0x0000000783680000,0x0000000783680000,0x0000000785700000)
 ParOldGen       total 281600K, used 68314K [0x00000006c0000000, 0x00000006d1300000, 0x000000076ab00000)
  object space 281600K, 24% used [0x00000006c0000000,0x00000006c42b6888,0x00000006d1300000)
 Metaspace       used 108515K, capacity 113686K, committed 113960K, reserved 1148928K
  class space    used 14044K, capacity 15092K, committed 15152K, reserved 1048576K
Event: 4099.117 GC heap after
Heap after GC invocations=22 (full 4):
 PSYoungGen      total 393728K, used 26787K [0x000000076ab00000, 0x0000000785480000, 0x00000007c0000000)
  eden space 363008K, 0% used [0x000000076ab00000,0x000000076ab00000,0x0000000780d80000)
  from space 30720K, 87% used [0x0000000783680000,0x00000007850a8e00,0x0000000785480000)
  to   space 36352K, 0% used [0x0000000780d80000,0x0000000780d80000,0x0000000783100000)
 ParOldGen       total 281600K, used 70955K [0x00000006c0000000, 0x00000006d1300000, 0x000000076ab00000)
  object space 281600K, 25% used [0x00000006c0000000,0x00000006c454af80,0x00000006d1300000)
 Metaspace       used 108515K, capacity 113686K, committed 113960K, reserved 1148928K
  class space    used 14044K, capacity 15092K, committed 15152K, reserved 1048576K
}
Event: 4103.185 GC heap before
{Heap before GC invocations=23 (full 4):
 PSYoungGen      total 393728K, used 389795K [0x000000076ab00000, 0x0000000785480000, 0x00000007c0000000)
  eden space 363008K, 100% used [0x000000076ab00000,0x0000000780d80000,0x0000000780d80000)
  from space 30720K, 87% used [0x0000000783680000,0x00000007850a8e00,0x0000000785480000)
  to   space 36352K, 0% used [0x0000000780d80000,0x0000000780d80000,0x0000000783100000)
 ParOldGen       total 281600K, used 70955K [0x00000006c0000000, 0x00000006d1300000, 0x000000076ab00000)
  object space 281600K, 25% used [0x00000006c0000000,0x00000006c454af80,0x00000006d1300000)
 Metaspace       used 114495K, capacity 120166K, committed 120488K, reserved 1153024K
  class space    used 14807K, capacity 15924K, committed 16048K, reserved 1048576K
Event: 4103.220 GC heap after
Heap after GC invocations=23 (full 4):
 PSYoungGen      total 399360K, used 21971K [0x000000076ab00000, 0x0000000789600000, 0x00000007c0000000)
  eden space 363008K, 0% used [0x000000076ab00000,0x000000076ab00000,0x0000000780d80000)
  from space 36352K, 60% used [0x0000000780d80000,0x00000007822f4d70,0x0000000783100000)
  to   space 36864K, 0% used [0x0000000787200000,0x0000000787200000,0x0000000789600000)
 ParOldGen       total 281600K, used 78335K [0x00000006c0000000, 0x00000006d1300000, 0x000000076ab00000)
  object space 281600K, 27% used [0x00000006c0000000,0x00000006c4c7fca8,0x00000006d1300000)
 Metaspace       used 114495K, capacity 120166K, committed 120488K, reserved 1153024K
  class space    used 14807K, capacity 15924K, committed 16048K, reserved 1048576K
}
Event: 4104.873 GC heap before
{Heap before GC invocations=24 (full 4):
 PSYoungGen      total 399360K, used 384979K [0x000000076ab00000, 0x0000000789600000, 0x00000007c0000000)
  eden space 363008K, 100% used [0x000000076ab00000,0x0000000780d80000,0x0000000780d80000)
  from space 36352K, 60% used [0x0000000780d80000,0x00000007822f4d70,0x0000000783100000)
  to   space 36864K, 0% used [0x0000000787200000,0x0000000787200000,0x0000000789600000)
 ParOldGen       total 281600K, used 78335K [0x00000006c0000000, 0x00000006d1300000, 0x000000076ab00000)
  object space 281600K, 27% used [0x00000006c0000000,0x00000006c4c7fca8,0x00000006d1300000)
 Metaspace       used 119820K, capacity 126318K, committed 126504K, reserved 1159168K
  class space    used 15596K, capacity 16822K, committed 16944K, reserved 1048576K
Event: 4104.909 GC heap after
Heap after GC invocations=24 (full 4):
 PSYoungGen      total 399872K, used 29099K [0x000000076ab00000, 0x0000000789600000, 0x00000007c0000000)
  eden space 363008K, 0% used [0x000000076ab00000,0x000000076ab00000,0x0000000780d80000)
  from space 36864K, 78% used [0x0000000787200000,0x0000000788e6ac80,0x0000000789600000)
  to   space 36352K, 0% used [0x0000000780d80000,0x0000000780d80000,0x0000000783100000)
 ParOldGen       total 281600K, used 78343K [0x00000006c0000000, 0x00000006d1300000, 0x000000076ab00000)
  object space 281600K, 27% used [0x00000006c0000000,0x00000006c4c81ca8,0x00000006d1300000)
 Metaspace       used 119820K, capacity 126318K, committed 126504K, reserved 1159168K
  class space    used 15596K, capacity 16822K, committed 16944K, reserved 1048576K
}

